<?xml version="1.0" encoding="UTF-8"?>
<!-- Generated by org.testng.reporters.JUnitReportReporter -->
<testsuite skipped="0" hostname="USBLRPRIYSARAN6" name="Selenium.Test1" tests="1" failures="0" timestamp="13 Aug 2019 06:01:53 GMT" time="16.483" errors="0">
  <testcase name="browserCommands" time="16.483" classname="Selenium.Test1"/>
</testsuite> <!-- Selenium.Test1 -->
