<?xml version="1.0" encoding="UTF-8"?>
<!-- Generated by org.testng.reporters.JUnitReportReporter -->
<testsuite skipped="0" hostname="USBLRPRIYSARAN6" name="Selenium.Test3" tests="1" failures="0" timestamp="13 Aug 2019 05:17:09 GMT" time="1.357" errors="0">
  <testcase name="selectOperations" time="1.357" classname="Selenium.Test3"/>
</testsuite> <!-- Selenium.Test3 -->
