<?xml version="1.0" encoding="UTF-8"?>
<!-- Generated by org.testng.reporters.JUnitReportReporter -->
<testsuite skipped="0" hostname="USBLRPRIYSARAN6" name="Selenium.Test2" tests="1" failures="0" timestamp="13 Aug 2019 05:17:09 GMT" time="1.108" errors="0">
  <testcase name="commonWebElementCommands" time="1.108" classname="Selenium.Test2"/>
</testsuite> <!-- Selenium.Test2 -->
